<?xml version="1.0" encoding="UTF-8"?>
<!-- Generated by org.testng.reporters.JUnitReportReporter -->
<testsuite skipped="0" hostname="DESKTOP-OS56SDM" name="com.cti.ApplicationTests" tests="1" failures="0" timestamp="27 Aug 2022 08:26:55 GMT" time="15.808" errors="0">
  <testcase name="contextLoads" time="15.808" classname="com.cti.ApplicationTests"/>
</testsuite> <!-- com.cti.ApplicationTests -->
